[INFO] Scanning for projects...
[INFO] 
[INFO] ---------------------< org.unir:ms-book-catalogue >---------------------
[INFO] Building ms-book-catalogue 0.0.1-SNAPSHOT
[INFO]   from pom.xml
[INFO] --------------------------------[ jar ]---------------------------------
[INFO] 
[INFO] --- clean:3.3.2:clean (default-clean) @ ms-book-catalogue ---
[INFO] Deleting C:\Users\DTI\Desktop\UNIR\FULL-STACK\ACTIVIDAD3\ms-book-catalogue\target
[INFO] 
[INFO] --- resources:3.3.1:resources (default-resources) @ ms-book-catalogue ---
[INFO] Copying 1 resource from src\main\resources to target\classes
[INFO] Copying 0 resource from src\main\resources to target\classes
[INFO] 
[INFO] --- compiler:3.11.0:compile (default-compile) @ ms-book-catalogue ---
[INFO] Changes detected - recompiling the module! :source
[INFO] Compiling 15 source files with javac [debug release 17] to target\classes
[INFO] -------------------------------------------------------------
[ERROR] COMPILATION ERROR : 
[INFO] -------------------------------------------------------------
[ERROR] /C:/Users/DTI/Desktop/UNIR/FULL-STACK/ACTIVIDAD3/ms-book-catalogue/src/main/java/org/unir/msbookcatalogue/service/impl/BookServiceImpl.java:[166,42] cannot find symbol
  symbol:   method getAggregate()
  location: variable agg of type org.springframework.data.elasticsearch.client.elc.ElasticsearchAggregation
[ERROR] /C:/Users/DTI/Desktop/UNIR/FULL-STACK/ACTIVIDAD3/ms-book-catalogue/src/main/java/org/unir/msbookcatalogue/service/impl/BookServiceImpl.java:[167,41] cannot find symbol
  symbol:   method getName()
  location: variable agg of type org.springframework.data.elasticsearch.client.elc.ElasticsearchAggregation
[ERROR] /C:/Users/DTI/Desktop/UNIR/FULL-STACK/ACTIVIDAD3/ms-book-catalogue/src/main/java/org/unir/msbookcatalogue/service/impl/BookServiceImpl.java:[171,44] cannot find symbol
  symbol:   method getName()
  location: variable agg of type org.springframework.data.elasticsearch.client.elc.ElasticsearchAggregation
[INFO] 3 errors 
[INFO] -------------------------------------------------------------
[INFO] ------------------------------------------------------------------------
[INFO] BUILD FAILURE
[INFO] ------------------------------------------------------------------------
[INFO] Total time:  5.060 s
[INFO] Finished at: 2026-02-24T06:58:30-05:00
[INFO] ------------------------------------------------------------------------
[ERROR] Failed to execute goal org.apache.maven.plugins:maven-compiler-plugin:3.11.0:compile (default-compile) on project ms-book-catalogue: Compilation failure: Compilation failure: 
[ERROR] /C:/Users/DTI/Desktop/UNIR/FULL-STACK/ACTIVIDAD3/ms-book-catalogue/src/main/java/org/unir/msbookcatalogue/service/impl/BookServiceImpl.java:[166,42] cannot find symbol
[ERROR]   symbol:   method getAggregate()
[ERROR]   location: variable agg of type org.springframework.data.elasticsearch.client.elc.ElasticsearchAggregation
[ERROR] /C:/Users/DTI/Desktop/UNIR/FULL-STACK/ACTIVIDAD3/ms-book-catalogue/src/main/java/org/unir/msbookcatalogue/service/impl/BookServiceImpl.java:[167,41] cannot find symbol
[ERROR]   symbol:   method getName()
[ERROR]   location: variable agg of type org.springframework.data.elasticsearch.client.elc.ElasticsearchAggregation
[ERROR] /C:/Users/DTI/Desktop/UNIR/FULL-STACK/ACTIVIDAD3/ms-book-catalogue/src/main/java/org/unir/msbookcatalogue/service/impl/BookServiceImpl.java:[171,44] cannot find symbol
[ERROR]   symbol:   method getName()
[ERROR]   location: variable agg of type org.springframework.data.elasticsearch.client.elc.ElasticsearchAggregation
[ERROR] -> [Help 1]
[ERROR] 
[ERROR] To see the full stack trace of the errors, re-run Maven with the -e switch.
[ERROR] Re-run Maven using the -X switch to enable full debug logging.
[ERROR] 
[ERROR] For more information about the errors and possible solutions, please read the following articles:
[ERROR] [Help 1] http://cwiki.apache.org/confluence/display/MAVEN/MojoFailureException
